[http-bio-8080-exec-3] DEBUG DistanceServlet {} - Request Parameters ==>Distance-4000.0m Conversion Unit- mi
[http-bio-8080-exec-5] DEBUG DistanceServlet {} - Request Parameters ==>Distance-500.0m Conversion Unit- mi
[http-bio-8080-exec-6] DEBUG DistanceServlet {} - Request Parameters ==>Distance-500.0km Conversion Unit- mi
[http-bio-8080-exec-7] DEBUG DistanceServlet {} - Request Parameters ==>Distance-500.0km Conversion Unit- yd
[http-bio-8080-exec-8] DEBUG DistanceServlet {} - Request Parameters ==>Distance-500.0m Conversion Unit- yd
[http-bio-8080-exec-9] DEBUG DistanceServlet {} - Request Parameters ==>Distance-500.0km Conversion Unit- yd
[http-bio-8080-exec-10] DEBUG DistanceServlet {} - Request Parameters ==>Distance-500.0km Conversion Unit- mi
[http-bio-8080-exec-8] DEBUG DistanceServlet {} - Request Parameters ==>Distance-9.0E8m Conversion Unit- mi
[http-bio-8080-exec-8] DEBUG DistanceServlet {} - Request Parameters ==>Distance-3123.0m Conversion Unit- mi
[http-bio-8080-exec-1] DEBUG DistanceServlet {} - Request Parameters ==>Distance-4000.0m Conversion Unit- mi
[http-bio-8080-exec-1] DEBUG DistanceServlet {} - Request Parameters ==>Distance-4000.0km Conversion Unit- mi
[http-bio-8080-exec-1] DEBUG DistanceServlet {} - Request Parameters ==>Distance-4000.0km Conversion Unit- yd
[http-bio-8080-exec-1] DEBUG DistanceServlet {} - Request Parameters ==>Distance-4000.0m Conversion Unit- yd
[http-bio-8080-exec-1] DEBUG DistanceServlet {} - Request Parameters ==>Distance-4000.0m Conversion Unit- mi
[http-bio-8080-exec-7] DEBUG DistanceServlet {} - Request Parameters ==>Distance-4000.0km Conversion Unit- yd
[http-bio-8080-exec-7] DEBUG DistanceServlet {} - Request Parameters ==>Distance-4000.0km Conversion Unit- yd
[http-bio-8080-exec-7] DEBUG DistanceServlet {} - Request Parameters ==>Distance-4000.0km Conversion Unit- yd
[http-bio-8080-exec-3] DEBUG DistanceServlet {} - Request Parameters ==>Distance-2000.0km Conversion Unit- yd
[http-bio-8080-exec-6] DEBUG DistanceServlet {} - Request Parameters ==>Distance-2000.0km Conversion Unit- yd
[http-bio-8080-exec-7] DEBUG DistanceServlet {} - Request Parameters ==>Distance-2000.0km Conversion Unit- yd
[http-bio-8080-exec-8] DEBUG DistanceServlet {} - Request Parameters ==>Distance-2000.0km Conversion Unit- yd
[http-bio-8080-exec-9] DEBUG DistanceServlet {} - Request Parameters ==>Distance-2000.0km Conversion Unit- yd
[http-bio-8080-exec-1] DEBUG DistanceServlet {} - Request Parameters ==>Distance-2000.0km Conversion Unit- yd
[http-bio-8080-exec-4] DEBUG DistanceServlet {} - Request Parameters ==>Distance-2000.0km Conversion Unit- yd
[http-bio-8080-exec-3] DEBUG DistanceServlet {} - Request Parameters ==>Distance-2000.0km Conversion Unit- yd
